<testsuites id="" name="" tests="1" failures="0" skipped="0" errors="0" time="22.346773000000045">
<testsuite name="Dashboard\Dashboard.spec.ts" timestamp="2026-05-01T10:21:37.356Z" hostname="chromium" tests="1" failures="0" skipped="0" time="17.057" errors="0">
<testcase name="Dashboard Tests › should search menu with organization and verify results appear" classname="Dashboard\Dashboard.spec.ts" time="17.057">
<system-out>
<![CDATA[[INFO] 3:51:38 PM - Navigating to login page
[INFO] 3:51:40 PM - Attempting to login with mobile: 9011409986
[INFO] 3:51:40 PM - Filling Mobile field with value
[INFO] 3:51:42 PM - Filling Password field with value
[INFO] 3:51:42 PM - Clicking on Sign In button
[INFO] 3:51:43 PM - Login initiated
[INFO] 3:51:45 PM - Verifying dashboard is loaded
[INFO] 3:51:48 PM - Dashboard loaded successfully
[INFO] 3:51:48 PM - Opening menu
[INFO] 3:51:48 PM - Clicking on Menu button
[INFO] 3:51:49 PM - Clicking menu link
[INFO] 3:51:49 PM - Clicking on Menu link
[INFO] 3:51:49 PM - Searching in menu for: organization
[INFO] 3:51:49 PM - Clicking on Menu search input
[INFO] 3:51:51 PM - Typed "organization" in menu search
[INFO] 3:51:51 PM - Dropdown panel is now visible
[INFO] 3:51:51 PM - Searched for organization in menu
[INFO] 3:51:52 PM - Verifying search results appear
[INFO] 3:51:52 PM - Found 0 search results
[INFO] 3:51:52 PM - Search returned results: false
[INFO] 3:51:52 PM - Verifying no data found message

[[ATTACHMENT|test-results\Dashboard-Dashboard-Dashbo-5eac5-n-and-verify-results-appear-chromium\trace.zip]]
]]>
</system-out>
</testcase>
</testsuite>
</testsuites>